<?xml version="1.0" encoding="UTF-8"?>
<testng-results ignored="0" total="1" passed="1" failed="0" skipped="0">
  <reporter-output>
  </reporter-output>
  <suite started-at="2022-08-31T17:19:21 CDT" name="Suite" finished-at="2022-08-31T17:19:21 CDT" duration-ms="37">
    <groups>
    </groups>
    <test started-at="2022-08-31T17:19:21 CDT" name="Test" finished-at="2022-08-31T17:19:21 CDT" duration-ms="37">
      <class name="testSuit01.Module01">
        <test-method is-config="true" signature="beforeSuite()[pri:0, instance:testSuit01.Module01@2ef3eef9]" started-at="2022-08-31T17:19:21 CDT" name="beforeSuite" finished-at="2022-08-31T17:19:21 CDT" duration-ms="16" status="PASS">
          <reporter-output>
          </reporter-output>
        </test-method> <!-- beforeSuite -->
        <test-method is-config="true" signature="beforeTest()[pri:0, instance:testSuit01.Module01@2ef3eef9]" started-at="2022-08-31T17:19:21 CDT" name="beforeTest" finished-at="2022-08-31T17:19:21 CDT" duration-ms="0" status="PASS">
          <reporter-output>
          </reporter-output>
        </test-method> <!-- beforeTest -->
        <test-method is-config="true" signature="beforeClass()[pri:0, instance:testSuit01.Module01@2ef3eef9]" started-at="2022-08-31T17:19:21 CDT" name="beforeClass" finished-at="2022-08-31T17:19:21 CDT" duration-ms="0" status="PASS">
          <reporter-output>
          </reporter-output>
        </test-method> <!-- beforeClass -->
        <test-method is-config="true" signature="beforeMethod()[pri:0, instance:testSuit01.Module01@2ef3eef9]" started-at="2022-08-31T17:19:21 CDT" name="beforeMethod" finished-at="2022-08-31T17:19:21 CDT" duration-ms="1" status="PASS">
          <reporter-output>
          </reporter-output>
        </test-method> <!-- beforeMethod -->
        <test-method signature="test001()[pri:0, instance:testSuit01.Module01@2ef3eef9]" started-at="2022-08-31T17:19:21 CDT" name="test001" finished-at="2022-08-31T17:19:21 CDT" duration-ms="1" status="PASS">
          <reporter-output>
          </reporter-output>
        </test-method> <!-- test001 -->
        <test-method is-config="true" signature="afterMethod()[pri:0, instance:testSuit01.Module01@2ef3eef9]" started-at="2022-08-31T17:19:21 CDT" name="afterMethod" finished-at="2022-08-31T17:19:21 CDT" duration-ms="1" status="PASS">
          <reporter-output>
          </reporter-output>
        </test-method> <!-- afterMethod -->
        <test-method is-config="true" signature="afterClass()[pri:0, instance:testSuit01.Module01@2ef3eef9]" started-at="2022-08-31T17:19:21 CDT" name="afterClass" finished-at="2022-08-31T17:19:21 CDT" duration-ms="1" status="PASS">
          <reporter-output>
          </reporter-output>
        </test-method> <!-- afterClass -->
        <test-method is-config="true" signature="afterTest()[pri:0, instance:testSuit01.Module01@2ef3eef9]" started-at="2022-08-31T17:19:21 CDT" name="afterTest" finished-at="2022-08-31T17:19:21 CDT" duration-ms="0" status="PASS">
          <reporter-output>
          </reporter-output>
        </test-method> <!-- afterTest -->
        <test-method is-config="true" signature="afterSuite()[pri:0, instance:testSuit01.Module01@2ef3eef9]" started-at="2022-08-31T17:19:21 CDT" name="afterSuite" finished-at="2022-08-31T17:19:21 CDT" duration-ms="0" status="PASS">
          <reporter-output>
          </reporter-output>
        </test-method> <!-- afterSuite -->
      </class> <!-- testSuit01.Module01 -->
    </test> <!-- Test -->
  </suite> <!-- Suite -->
</testng-results>
